<?xml version="1.0" encoding="UTF-8"?>
<testng-results skipped="0" failed="0" ignored="0" total="1" passed="1">
  <reporter-output>
  </reporter-output>
  <suite name="Default suite" duration-ms="24413" started-at="2018-06-13T06:02:13Z" finished-at="2018-06-13T06:02:38Z">
    <groups>
    </groups>
    <test name="Default test" duration-ms="24413" started-at="2018-06-13T06:02:13Z" finished-at="2018-06-13T06:02:38Z">
      <class name="com.tests.BMI_Calculate_Tests">
        <test-method status="PASS" signature="setUp()[pri:0, instance:com.tests.BMI_Calculate_Tests@59f99ea]" name="setUp" is-config="true" duration-ms="15341" started-at="2018-06-13T06:02:13Z" finished-at="2018-06-13T06:02:29Z">
          <reporter-output>
          </reporter-output>
        </test-method> <!-- setUp -->
        <test-method status="PASS" signature="TC001()[pri:0, instance:com.tests.BMI_Calculate_Tests@59f99ea]" name="TC001" duration-ms="8249" started-at="2018-06-13T06:02:29Z" finished-at="2018-06-13T06:02:37Z">
          <reporter-output>
          </reporter-output>
        </test-method> <!-- TC001 -->
        <test-method status="PASS" signature="tearDown()[pri:0, instance:com.tests.BMI_Calculate_Tests@59f99ea]" name="tearDown" is-config="true" duration-ms="783" started-at="2018-06-13T06:02:37Z" finished-at="2018-06-13T06:02:38Z">
          <reporter-output>
          </reporter-output>
        </test-method> <!-- tearDown -->
      </class> <!-- com.tests.BMI_Calculate_Tests -->
    </test> <!-- Default test -->
  </suite> <!-- Default suite -->
</testng-results>
